<?xml version="1.0" encoding="UTF-8"?>
<testng-results ignored="0" total="4" passed="4" failed="0" skipped="0">
  <reporter-output>
  </reporter-output>
  <suite started-at="2026-04-17T13:12:29 IST" name="Default suite" finished-at="2026-04-17T13:12:37 IST" duration-ms="8601">
    <groups>
    </groups>
    <test started-at="2026-04-17T13:12:29 IST" name="Default test" finished-at="2026-04-17T13:12:37 IST" duration-ms="8601">
      <class name="tests.CartTest">
        <test-method is-config="true" signature="setUp()[pri:0, instance:tests.CartTest@4c12331b]" started-at="2026-04-17T13:12:29 IST" name="setUp" finished-at="2026-04-17T13:12:30 IST" duration-ms="1795" status="PASS">
          <reporter-output>
          </reporter-output>
        </test-method> <!-- setUp -->
        <test-method signature="testAddSingleProduct()[pri:1, instance:tests.CartTest@4c12331b]" started-at="2026-04-17T13:12:30 IST" name="testAddSingleProduct" finished-at="2026-04-17T13:12:31 IST" duration-ms="358" status="PASS">
          <reporter-output>
          </reporter-output>
        </test-method> <!-- testAddSingleProduct -->
        <test-method is-config="true" signature="tearDown()[pri:0, instance:tests.CartTest@4c12331b]" started-at="2026-04-17T13:12:31 IST" name="tearDown" finished-at="2026-04-17T13:12:31 IST" duration-ms="190" status="PASS">
          <reporter-output>
          </reporter-output>
        </test-method> <!-- tearDown -->
        <test-method is-config="true" signature="setUp()[pri:0, instance:tests.CartTest@4c12331b]" started-at="2026-04-17T13:12:31 IST" name="setUp" finished-at="2026-04-17T13:12:32 IST" duration-ms="1226" status="PASS">
          <reporter-output>
          </reporter-output>
        </test-method> <!-- setUp -->
        <test-method signature="testAddTwoProducts()[pri:2, instance:tests.CartTest@4c12331b]" started-at="2026-04-17T13:12:32 IST" name="testAddTwoProducts" finished-at="2026-04-17T13:12:33 IST" duration-ms="560" status="PASS">
          <reporter-output>
          </reporter-output>
        </test-method> <!-- testAddTwoProducts -->
        <test-method is-config="true" signature="tearDown()[pri:0, instance:tests.CartTest@4c12331b]" started-at="2026-04-17T13:12:33 IST" name="tearDown" finished-at="2026-04-17T13:12:33 IST" duration-ms="298" status="PASS">
          <reporter-output>
          </reporter-output>
        </test-method> <!-- tearDown -->
        <test-method is-config="true" signature="setUp()[pri:0, instance:tests.CartTest@4c12331b]" started-at="2026-04-17T13:12:33 IST" name="setUp" finished-at="2026-04-17T13:12:34 IST" duration-ms="1222" status="PASS">
          <reporter-output>
          </reporter-output>
        </test-method> <!-- setUp -->
        <test-method signature="testRemoveProduct()[pri:3, instance:tests.CartTest@4c12331b]" started-at="2026-04-17T13:12:34 IST" name="testRemoveProduct" finished-at="2026-04-17T13:12:35 IST" duration-ms="519" status="PASS">
          <reporter-output>
          </reporter-output>
        </test-method> <!-- testRemoveProduct -->
        <test-method is-config="true" signature="tearDown()[pri:0, instance:tests.CartTest@4c12331b]" started-at="2026-04-17T13:12:35 IST" name="tearDown" finished-at="2026-04-17T13:12:35 IST" duration-ms="346" status="PASS">
          <reporter-output>
          </reporter-output>
        </test-method> <!-- tearDown -->
        <test-method is-config="true" signature="setUp()[pri:0, instance:tests.CartTest@4c12331b]" started-at="2026-04-17T13:12:35 IST" name="setUp" finished-at="2026-04-17T13:12:36 IST" duration-ms="1178" status="PASS">
          <reporter-output>
          </reporter-output>
        </test-method> <!-- setUp -->
        <test-method signature="testCartPersistence()[pri:4, instance:tests.CartTest@4c12331b]" started-at="2026-04-17T13:12:36 IST" name="testCartPersistence" finished-at="2026-04-17T13:12:37 IST" duration-ms="625" status="PASS">
          <reporter-output>
          </reporter-output>
        </test-method> <!-- testCartPersistence -->
        <test-method is-config="true" signature="tearDown()[pri:0, instance:tests.CartTest@4c12331b]" started-at="2026-04-17T13:12:37 IST" name="tearDown" finished-at="2026-04-17T13:12:37 IST" duration-ms="244" status="PASS">
          <reporter-output>
          </reporter-output>
        </test-method> <!-- tearDown -->
      </class> <!-- tests.CartTest -->
    </test> <!-- Default test -->
  </suite> <!-- Default suite -->
</testng-results>
