<?xml version="1.0" encoding="UTF-8"?>
<!-- Generated by org.testng.reporters.JUnitXMLReporter -->
<testsuite ignored="0" hostname="LAPTOP-2D27B82A" failures="0" tests="4" name="Default test" time="8.601" errors="0" timestamp="2026-04-17T13:12:37 IST">
  <testcase classname="tests.CartTest" name="testAddSingleProduct" time="0.358"/>
  <testcase classname="tests.CartTest" name="testAddTwoProducts" time="0.56"/>
  <testcase classname="tests.CartTest" name="testRemoveProduct" time="0.519"/>
  <testcase classname="tests.CartTest" name="testCartPersistence" time="0.625"/>
</testsuite> <!-- Default test -->
