<?xml version="1.0" encoding="UTF-8"?>
<!-- Generated by org.testng.reporters.JUnitXMLReporter -->
<testsuite ignored="0" hostname="LAPTOP-2D27B82A" failures="0" tests="4" name="Default test" time="9.991" errors="0" timestamp="2026-04-17T13:04:20 IST">
  <testcase classname="tests.ProductTest" name="testProductDetails" time="0.698"/>
  <testcase classname="tests.ProductTest" name="testProductListDisplayed" time="0.415"/>
  <testcase classname="tests.ProductTest" name="testSortByName" time="0.526"/>
  <testcase classname="tests.ProductTest" name="testSortByPrice" time="0.547"/>
</testsuite> <!-- Default test -->
